000	INIT	0x9800	NOP							
001			0x4001	LRI	Reg0	0X01	LOAD START CMD	
002			0x4140	LRI	Reg1	0X40	LOAD SLAVE ADDR<<1, WRITE	
003			0x4200	LRI	Reg2	0X00	LOAD IDLE CMD	
004			0x4300	LRI	Reg3	0X00	LOAD IODIRA REGISTER_OFFSET	
005			0x44FF	LRI	Reg4	0XFF	LOAD IODIRA_ALL_INS	
006			0x7005	IOW	Reg0	IO_05	ISSUE START CMD	
007			0x7104	IOW	Reg1	IO_04	ISSUE SLAVE ADDR<<1, WRITE	
008	LDST000	0x6505	IOR	Reg5	IO_05	READ STATUS	
009			0xA501	ARI	Reg5	0X01	BUSY BIT	
00a			0xF008	BNZ	LDST000			LOOP UNTIL NOT BUSY	
00b			0x7205	IOW	Reg2	IO_05	ISSUE IDLE CMD	
00c			0x7304	IOW	Reg3	IO_04	ISSUE IODIRA REGISTER_OFFSET	
00d	LDST001	0x6505	IOR	Reg5	IO_05	READ STATUS	
00e			0xA501	ARI	Reg5	0X01	BUSY BIT	
00f			0xF00D	BNZ	LDST001			LOOP UNTIL NOT BUSY	
010			0x7404	IOW	Reg4	IO_04	ISSUE IODIRA_ALL_INS	
011	LDST002	0x6505	IOR	Reg5	IO_05	READ STATUS	
012			0xA501	ARI	Reg5	0X01	BUSY BIT	
013			0xF011	BNZ	LDST002			LOOP UNTIL NOT BUSY	
014	SELF	0xD014	JMP	SELF					
