000			0x4003	LRI	Reg0	0X03	RESET UART COMMAND	
001			0x7002	IOW	Reg0	IO_02	UART COMMAND (RESET)	
002			0x4003	LRI	Reg0	0X03	RESET TERMINAL COMMAND	
003			0x7000	IOW	Reg0	IO_00	VDU COMMAND (RESET)	
004	START	0xC007	JSR	KB2U			KEYBOARD TO PDP-11	
005			0xC00E	JSR	U2VGA			PDP-11 TO VGA	
006			0xD004	JMP	START			LOOP FOREVER	
007	KB2U	0x6004	IOR	Reg0	IO_04	READ KBD STATUS	
008			0xA001	ARI	Reg0	0X01	MASK RX DATA PRESENT BIT	
009			0xE00D	BEZ	NOKDBD			NO KBD DATA	
00a			0x6005	IOR	Reg0	IO_05	READ KBD DATA	
00b			0x9080	ORI	Reg0	0X80	ADD MARK PARITY	
00c			0x7001	IOW	Reg0	IO_01	WRITE TO UART DATA	
00d	NOKDBD	0x3008	RTS					DONE KEYBOARD TO UART	
00e	U2VGA	0x6000	IOR	Reg0	IO_00	READ UART STATUS	
00f			0xA001	ARI	Reg0	0X01	MASK RX DATA PRESENT BIT	
010			0xE014	BEZ	NOUDAT			NO UART DATA	
011			0x6001	IOR	Reg0	IO_01	READ UART DATA	
012			0xA07F	ARI	Reg0	0X7F	MASK UPPER DATA BIT	
013			0x7003	IOW	Reg0	IO_03	WRITE OUT SCREEN	
014	NOUDAT	0x3008	RTS					DONE UART TO VGA	
