000	INIT	0x9800	NOP							
001	WRDIRA0	0x7905	IOW	#0x01	IO_05	ISSUE START CMD  REG9 = 0x01	
002			0x4048	LRI	Reg0	0X48	LOAD SLAVE ADDR<<1, WRITE	
003			0x7004	IOW	Reg0	IO_04	WRITE SLAVE ADDRESS	
004	LP0001	0x6705	IOR	Reg7	IO_05	READ STATUS INTO REG7	
005			0xA701	ARI	Reg7	0X01	BUSY BIT	
006			0xF004	BNZ	LP0001			LOOP UNTIL NOT BUSY	
007			0x7805	IOW	#0x00	IO_05	ISSUE IDLE CMD REG8=0	
008			0x4100	LRI	Reg1	0X00	IODIRA REGISTER_OFFSET REG8=0	
009			0x7104	IOW	Reg1	IO_04	WRITE REGISTER OFFSET	
00a	LP0002	0x6705	IOR	Reg7	IO_05	READ STATUS	
00b			0xA701	ARI	Reg7	0X01	BUSY BIT	
00c			0xF00A	BNZ	LP0002			LOOP UNTIL NOT BUSY	
00d			0x7F04	IOW	RegF	IO_04	ISSUE IODIRA_ALL_INS	
00e	LP0003	0x6705	IOR	Reg7	IO_05	READ STATUS	
00f			0xA701	ARI	Reg7	0X01	BUSY BIT	
010			0xF00E	BNZ	LP0003			LOOP UNTIL NOT BUSY	
011	WRDIRB0	0x7905	IOW	#0x01	IO_05	ISSUE START CMD  REG9 = 0x01	
012			0x4048	LRI	Reg0	0X48	LOAD SLAVE ADDR<<1, WRITE	
013			0x7004	IOW	Reg0	IO_04	WRITE SLAVE ADDRESS	
014	LP0004	0x6705	IOR	Reg7	IO_05	READ STATUS INTO REG7	
015			0xA701	ARI	Reg7	0X01	BUSY BIT	
016			0xF014	BNZ	LP0004			LOOP UNTIL NOT BUSY	
017			0x7805	IOW	#0x00	IO_05	ISSUE IDLE CMD REG8=0	
018			0x4101	LRI	Reg1	0X01	IODIRB REGISTER_OFFSET REG8=0	
019			0x7104	IOW	Reg1	IO_04	WRITE REGISTER OFFSET	
01a	LP0005	0x6705	IOR	Reg7	IO_05	READ STATUS	
01b			0xA701	ARI	Reg7	0X01	BUSY BIT	
01c			0xF01A	BNZ	LP0005			LOOP UNTIL NOT BUSY	
01d			0x7804	IOW	#0x00	IO_04	ISSUE IODIRA_ALL_OUTS	
01e	LP0006	0x6705	IOR	Reg7	IO_05	READ STATUS	
01f			0xA701	ARI	Reg7	0X01	BUSY BIT	
020			0xF01E	BNZ	LP0006			LOOP UNTIL NOT BUSY	
021	WRDIRD0	0x7905	IOW	#0x01	IO_05	ISSUE START CMD  REG9 = 0x01	
022			0x4048	LRI	Reg0	0X48	LOAD SLAVE ADDR<<1, WRITE	
023			0x7004	IOW	Reg0	IO_04	WRITE SLAVE ADDRESS	
024	LP0007	0x6705	IOR	Reg7	IO_05	READ STATUS INTO REG7	
025			0xA701	ARI	Reg7	0X01	BUSY BIT	
026			0xF024	BNZ	LP0007			LOOP UNTIL NOT BUSY	
027			0x7805	IOW	#0x00	IO_05	ISSUE IDLE CMD REG8=0	
028			0x4115	LRI	Reg1	0X15	OLATB REGISTER_OFFSET REG8=0	
029			0x7104	IOW	Reg1	IO_04	WRITE REGISTER OFFSET	
02a	LP0008	0x6705	IOR	Reg7	IO_05	READ STATUS	
02b			0xA701	ARI	Reg7	0X01	BUSY BIT	
02c			0xF02A	BNZ	LP0008			LOOP UNTIL NOT BUSY	
02d			0x4255	LRI	Reg2	0x55	WRITE VALUE = 0X55	
02e			0x7204	IOW	Reg2	IO_04	WRITE VALUE TO LEDS	
02f	LP0009	0x6705	IOR	Reg7	IO_05	READ STATUS	
030			0xA701	ARI	Reg7	0X01	BUSY BIT	
031			0xF02F	BNZ	LP0009			LOOP UNTIL NOT BUSY	
032	SELF	0xD032	JMP	SELF					
